Determining if the pthread_create exist failed with the following output:
Change Dir: /home/jetbot/workspace/catkin_ws/build/CMakeFiles/CMakeTmp

Run Build Command:"/usr/bin/make" "cmTC_f2619/fast"
/usr/bin/make -f CMakeFiles/cmTC_f2619.dir/build.make CMakeFiles/cmTC_f2619.dir/build
make[1]: Entering directory '/home/jetbot/workspace/catkin_ws/build/CMakeFiles/CMakeTmp'
Building C object CMakeFiles/cmTC_f2619.dir/CheckSymbolExists.c.o
/usr/bin/cc    -o CMakeFiles/cmTC_f2619.dir/CheckSymbolExists.c.o   -c /home/jetbot/workspace/catkin_ws/build/CMakeFiles/CMakeTmp/CheckSymbolExists.c
Linking C executable cmTC_f2619
/usr/bin/cmake -E cmake_link_script CMakeFiles/cmTC_f2619.dir/link.txt --verbose=1
/usr/bin/cc      -rdynamic CMakeFiles/cmTC_f2619.dir/CheckSymbolExists.c.o  -o cmTC_f2619 
CMakeFiles/cmTC_f2619.dir/CheckSymbolExists.c.o: In function `main':
CheckSymbolExists.c:(.text+0x14): undefined reference to `pthread_create'
CheckSymbolExists.c:(.text+0x18): undefined reference to `pthread_create'
collect2: error: ld returned 1 exit status
CMakeFiles/cmTC_f2619.dir/build.make:97: recipe for target 'cmTC_f2619' failed
make[1]: *** [cmTC_f2619] Error 1
make[1]: Leaving directory '/home/jetbot/workspace/catkin_ws/build/CMakeFiles/CMakeTmp'
Makefile:126: recipe for target 'cmTC_f2619/fast' failed
make: *** [cmTC_f2619/fast] Error 2

File /home/jetbot/workspace/catkin_ws/build/CMakeFiles/CMakeTmp/CheckSymbolExists.c:
/* */
#include <pthread.h>

int main(int argc, char** argv)
{
  (void)argv;
#ifndef pthread_create
  return ((int*)(&pthread_create))[argc];
#else
  (void)argc;
  return 0;
#endif
}

Determining if the function pthread_create exists in the pthreads failed with the following output:
Change Dir: /home/jetbot/workspace/catkin_ws/build/CMakeFiles/CMakeTmp

Run Build Command:"/usr/bin/make" "cmTC_dc217/fast"
/usr/bin/make -f CMakeFiles/cmTC_dc217.dir/build.make CMakeFiles/cmTC_dc217.dir/build
make[1]: Entering directory '/home/jetbot/workspace/catkin_ws/build/CMakeFiles/CMakeTmp'
Building C object CMakeFiles/cmTC_dc217.dir/CheckFunctionExists.c.o
/usr/bin/cc   -DCHECK_FUNCTION_EXISTS=pthread_create   -o CMakeFiles/cmTC_dc217.dir/CheckFunctionExists.c.o   -c /usr/share/cmake-3.10/Modules/CheckFunctionExists.c
Linking C executable cmTC_dc217
/usr/bin/cmake -E cmake_link_script CMakeFiles/cmTC_dc217.dir/link.txt --verbose=1
/usr/bin/cc  -DCHECK_FUNCTION_EXISTS=pthread_create    -rdynamic CMakeFiles/cmTC_dc217.dir/CheckFunctionExists.c.o  -o cmTC_dc217 -lpthreads 
/usr/bin/ld: cannot find -lpthreads
collect2: error: ld returned 1 exit status
CMakeFiles/cmTC_dc217.dir/build.make:97: recipe for target 'cmTC_dc217' failed
make[1]: *** [cmTC_dc217] Error 1
make[1]: Leaving directory '/home/jetbot/workspace/catkin_ws/build/CMakeFiles/CMakeTmp'
Makefile:126: recipe for target 'cmTC_dc217/fast' failed
make: *** [cmTC_dc217/fast] Error 2


